2020-02-22 18:44:24,585 [Worker-5: Loading available Gradle versions] INFO  o.e.b.c.i.u.g.PublishedGradleVersions - Gradle version information cache is up-to-date. Trying to read.
2020-02-22 18:45:08,967 [Worker-11: Importing Maven projects] INFO  o.e.m.c.i.e.AbstractTransferListenerAdapter - Downloading https://repo.maven.apache.org/maven2/org/apache/maven/plugins/maven-war-plugin/2.2/maven-war-plugin-2.2.jar
2020-02-22 18:45:09,714 [Worker-11: Importing Maven projects] INFO  o.e.m.c.i.e.AbstractTransferListenerAdapter - Downloaded https://repo.maven.apache.org/maven2/org/apache/maven/plugins/maven-war-plugin/2.2/maven-war-plugin-2.2.jar
2020-02-22 18:45:10,654 [Worker-11: Importing Maven projects] INFO  o.e.m.c.i.l.LifecycleMappingFactory - Using org.maven.ide.eclipse.wtp.WarLifecycleMapping lifecycle mapping for MavenProject: com.pabbi:ConstructionCostEstimation:1.0-SNAPSHOT @ C:\Users\Aparna\Desktop\Prabhakar-Iyyalasomayajula-CleanCode-Task2-EPAM-master\Prabhakar-Iyyalasomayajula-CleanCode-Task2-EPAM-master\pom.xml.
2020-02-22 18:45:11,616 [Worker-11: Importing Maven projects] INFO  o.e.m.c.i.e.AbstractTransferListenerAdapter - Downloading https://repo.maven.apache.org/maven2/org/apache/maven/plugins/maven-war-plugin/2.2/maven-war-plugin-2.2.pom
2020-02-22 18:45:11,822 [Worker-11: Importing Maven projects] INFO  o.e.m.c.i.e.AbstractTransferListenerAdapter - Downloaded https://repo.maven.apache.org/maven2/org/apache/maven/plugins/maven-war-plugin/2.2/maven-war-plugin-2.2.pom
2020-02-22 18:45:12,231 [Worker-11: Importing Maven projects] INFO  o.e.m.c.i.e.AbstractTransferListenerAdapter - Downloading https://repo.maven.apache.org/maven2/com/thoughtworks/xstream/xstream/1.3.1/xstream-1.3.1.pom
2020-02-22 18:45:12,439 [Worker-11: Importing Maven projects] INFO  o.e.m.c.i.e.AbstractTransferListenerAdapter - Downloaded https://repo.maven.apache.org/maven2/com/thoughtworks/xstream/xstream/1.3.1/xstream-1.3.1.pom
2020-02-22 18:45:12,640 [Worker-11: Importing Maven projects] INFO  o.e.m.c.i.e.AbstractTransferListenerAdapter - Downloading https://repo.maven.apache.org/maven2/com/thoughtworks/xstream/xstream-parent/1.3.1/xstream-parent-1.3.1.pom
2020-02-22 18:45:12,855 [Worker-11: Importing Maven projects] INFO  o.e.m.c.i.e.AbstractTransferListenerAdapter - Downloaded https://repo.maven.apache.org/maven2/com/thoughtworks/xstream/xstream-parent/1.3.1/xstream-parent-1.3.1.pom
2020-02-22 18:45:13,048 [Worker-11: Importing Maven projects] INFO  o.e.m.c.i.e.AbstractTransferListenerAdapter - Downloading https://repo.maven.apache.org/maven2/xpp3/xpp3_min/1.1.4c/xpp3_min-1.1.4c.pom
2020-02-22 18:45:13,261 [Worker-11: Importing Maven projects] INFO  o.e.m.c.i.e.AbstractTransferListenerAdapter - Downloaded https://repo.maven.apache.org/maven2/xpp3/xpp3_min/1.1.4c/xpp3_min-1.1.4c.pom
2020-02-22 18:45:13,464 [Worker-11: Importing Maven projects] INFO  o.e.m.c.i.e.AbstractTransferListenerAdapter - Downloading https://repo.maven.apache.org/maven2/org/apache/maven/shared/maven-filtering/1.0-beta-2/maven-filtering-1.0-beta-2.pom
2020-02-22 18:45:13,672 [Worker-11: Importing Maven projects] INFO  o.e.m.c.i.e.AbstractTransferListenerAdapter - Downloaded https://repo.maven.apache.org/maven2/org/apache/maven/shared/maven-filtering/1.0-beta-2/maven-filtering-1.0-beta-2.pom
2020-02-22 18:45:13,870 [Worker-11: Importing Maven projects] INFO  o.e.m.c.i.e.AbstractTransferListenerAdapter - Downloading https://repo.maven.apache.org/maven2/org/apache/maven/shared/maven-shared-components/10/maven-shared-components-10.pom
2020-02-22 18:45:14,082 [Worker-11: Importing Maven projects] INFO  o.e.m.c.i.e.AbstractTransferListenerAdapter - Downloaded https://repo.maven.apache.org/maven2/org/apache/maven/shared/maven-shared-components/10/maven-shared-components-10.pom
2020-02-22 18:45:14,279 [Worker-11: Importing Maven projects] INFO  o.e.m.c.i.e.AbstractTransferListenerAdapter - Downloading https://repo.maven.apache.org/maven2/org/apache/maven/maven-parent/9/maven-parent-9.pom
2020-02-22 18:45:14,697 [Worker-11: Importing Maven projects] INFO  o.e.m.c.i.e.AbstractTransferListenerAdapter - Downloaded https://repo.maven.apache.org/maven2/org/apache/maven/maven-parent/9/maven-parent-9.pom
2020-02-22 18:45:14,893 [Worker-11: Importing Maven projects] INFO  o.e.m.c.i.e.AbstractTransferListenerAdapter - Downloading https://repo.maven.apache.org/maven2/org/codehaus/plexus/plexus-utils/1.5.6/plexus-utils-1.5.6.pom
2020-02-22 18:45:15,103 [Worker-11: Importing Maven projects] INFO  o.e.m.c.i.e.AbstractTransferListenerAdapter - Downloaded https://repo.maven.apache.org/maven2/org/codehaus/plexus/plexus-utils/1.5.6/plexus-utils-1.5.6.pom
2020-02-22 18:45:15,304 [Worker-11: Importing Maven projects] INFO  o.e.m.c.i.e.AbstractTransferListenerAdapter - Downloading https://repo.maven.apache.org/maven2/org/codehaus/plexus/plexus/1.0.12/plexus-1.0.12.pom
2020-02-22 18:45:15,517 [Worker-11: Importing Maven projects] INFO  o.e.m.c.i.e.AbstractTransferListenerAdapter - Downloaded https://repo.maven.apache.org/maven2/org/codehaus/plexus/plexus/1.0.12/plexus-1.0.12.pom
2020-02-22 18:45:15,713 [Worker-11: Importing Maven projects] INFO  o.e.m.c.i.e.AbstractTransferListenerAdapter - Downloading https://repo.maven.apache.org/maven2/org/codehaus/plexus/plexus-interpolation/1.6/plexus-interpolation-1.6.pom
2020-02-22 18:45:15,926 [Worker-11: Importing Maven projects] INFO  o.e.m.c.i.e.AbstractTransferListenerAdapter - Downloaded https://repo.maven.apache.org/maven2/org/codehaus/plexus/plexus-interpolation/1.6/plexus-interpolation-1.6.pom
2020-02-22 18:45:16,122 [Worker-11: Importing Maven projects] INFO  o.e.m.c.i.e.AbstractTransferListenerAdapter - Downloading https://repo.maven.apache.org/maven2/com/thoughtworks/xstream/xstream/1.3.1/xstream-1.3.1.jar
2020-02-22 18:45:18,889 [Worker-11: Importing Maven projects] INFO  o.e.m.c.i.e.AbstractTransferListenerAdapter - Downloaded https://repo.maven.apache.org/maven2/com/thoughtworks/xstream/xstream/1.3.1/xstream-1.3.1.jar
2020-02-22 18:45:19,100 [Worker-11: Importing Maven projects] INFO  o.e.m.c.i.e.AbstractTransferListenerAdapter - Downloading https://repo.maven.apache.org/maven2/xpp3/xpp3_min/1.1.4c/xpp3_min-1.1.4c.jar
2020-02-22 18:45:19,297 [Worker-11: Importing Maven projects] INFO  o.e.m.c.i.e.AbstractTransferListenerAdapter - Downloaded https://repo.maven.apache.org/maven2/xpp3/xpp3_min/1.1.4c/xpp3_min-1.1.4c.jar
2020-02-22 18:45:19,507 [Worker-11: Importing Maven projects] INFO  o.e.m.c.i.e.AbstractTransferListenerAdapter - Downloading https://repo.maven.apache.org/maven2/org/apache/maven/shared/maven-filtering/1.0-beta-2/maven-filtering-1.0-beta-2.jar
2020-02-22 18:45:19,911 [Worker-11: Importing Maven projects] INFO  o.e.m.c.i.e.AbstractTransferListenerAdapter - Downloaded https://repo.maven.apache.org/maven2/org/apache/maven/shared/maven-filtering/1.0-beta-2/maven-filtering-1.0-beta-2.jar
2020-02-22 18:45:20,695 [Worker-11: Importing Maven projects] INFO  o.e.m.j.i.AbstractJavaProjectConfigurator - Adding source folder /ConstructionCostEstimation/src/main/java
2020-02-22 18:45:20,698 [Worker-11: Importing Maven projects] INFO  o.e.m.j.i.AbstractJavaProjectConfigurator - Adding source folder /ConstructionCostEstimation/src/test/java
2020-02-22 18:45:24,403 [Worker-11: Importing Maven projects] INFO  o.e.m.c.i.e.AbstractTransferListenerAdapter - Downloading https://repo.maven.apache.org/maven2/org/apache/maven/plugins/maven-clean-plugin/2.5/maven-clean-plugin-2.5.pom
2020-02-22 18:45:24,539 [Worker-11: Importing Maven projects] INFO  o.e.m.c.i.e.AbstractTransferListenerAdapter - Downloaded https://repo.maven.apache.org/maven2/org/apache/maven/plugins/maven-clean-plugin/2.5/maven-clean-plugin-2.5.pom
2020-02-22 18:45:24,603 [Worker-11: Importing Maven projects] INFO  o.e.m.c.i.p.ProjectConfigurationManager - Imported and configured 1 project(s) in 17 sec
2020-02-22 18:45:25,140 [Worker-2: Building workspace] WARN  o.e.m.c.i.embedder.EclipseLogger - Using platform encoding (Cp1252 actually) to copy filtered resources, i.e. build is platform dependent!
2020-02-22 18:45:25,142 [Worker-2: Building workspace] INFO  o.e.m.c.i.embedder.EclipseLogger - skip non existing resourceDirectory C:\Users\Aparna\Desktop\Prabhakar-Iyyalasomayajula-CleanCode-Task2-EPAM-master\Prabhakar-Iyyalasomayajula-CleanCode-Task2-EPAM-master\src\main\resources
2020-02-22 18:45:25,145 [Worker-2: Building workspace] WARN  o.e.m.c.i.embedder.EclipseLogger - Using platform encoding (Cp1252 actually) to copy filtered resources, i.e. build is platform dependent!
2020-02-22 18:45:25,147 [Worker-2: Building workspace] INFO  o.e.m.c.i.embedder.EclipseLogger - skip non existing resourceDirectory C:\Users\Aparna\Desktop\Prabhakar-Iyyalasomayajula-CleanCode-Task2-EPAM-master\Prabhakar-Iyyalasomayajula-CleanCode-Task2-EPAM-master\src\test\resources
2020-02-22 18:45:25,497 [Worker-4: Building workspace] WARN  o.e.m.c.i.embedder.EclipseLogger - Using platform encoding (Cp1252 actually) to copy filtered resources, i.e. build is platform dependent!
2020-02-22 18:45:25,499 [Worker-4: Building workspace] INFO  o.e.m.c.i.embedder.EclipseLogger - skip non existing resourceDirectory C:\Users\Aparna\Desktop\Prabhakar-Iyyalasomayajula-CleanCode-Task2-EPAM-master\Prabhakar-Iyyalasomayajula-CleanCode-Task2-EPAM-master\src\main\resources
2020-02-22 18:45:25,499 [Worker-4: Building workspace] WARN  o.e.m.c.i.embedder.EclipseLogger - Using platform encoding (Cp1252 actually) to copy filtered resources, i.e. build is platform dependent!
2020-02-22 18:45:25,500 [Worker-4: Building workspace] INFO  o.e.m.c.i.embedder.EclipseLogger - skip non existing resourceDirectory C:\Users\Aparna\Desktop\Prabhakar-Iyyalasomayajula-CleanCode-Task2-EPAM-master\Prabhakar-Iyyalasomayajula-CleanCode-Task2-EPAM-master\src\test\resources
2020-02-22 18:46:34,871 [Worker-0: Building workspace] WARN  o.e.m.c.i.embedder.EclipseLogger - Using platform encoding (Cp1252 actually) to copy filtered resources, i.e. build is platform dependent!
2020-02-22 18:46:34,873 [Worker-0: Building workspace] INFO  o.e.m.c.i.embedder.EclipseLogger - skip non existing resourceDirectory C:\Users\Aparna\Desktop\Prabhakar-Iyyalasomayajula-CleanCode-Task2-EPAM-master\Prabhakar-Iyyalasomayajula-CleanCode-Task2-EPAM-master\src\main\resources
2020-02-22 18:46:34,874 [Worker-0: Building workspace] WARN  o.e.m.c.i.embedder.EclipseLogger - Using platform encoding (Cp1252 actually) to copy filtered resources, i.e. build is platform dependent!
2020-02-22 18:46:34,875 [Worker-0: Building workspace] INFO  o.e.m.c.i.embedder.EclipseLogger - skip non existing resourceDirectory C:\Users\Aparna\Desktop\Prabhakar-Iyyalasomayajula-CleanCode-Task2-EPAM-master\Prabhakar-Iyyalasomayajula-CleanCode-Task2-EPAM-master\src\test\resources
2020-02-22 18:47:02,697 [Worker-8: Building workspace] WARN  o.e.m.c.i.embedder.EclipseLogger - Using platform encoding (Cp1252 actually) to copy filtered resources, i.e. build is platform dependent!
2020-02-22 18:47:02,698 [Worker-8: Building workspace] INFO  o.e.m.c.i.embedder.EclipseLogger - skip non existing resourceDirectory C:\Users\Aparna\Desktop\Prabhakar-Iyyalasomayajula-CleanCode-Task2-EPAM-master\Prabhakar-Iyyalasomayajula-CleanCode-Task2-EPAM-master\src\main\resources
2020-02-22 18:47:02,699 [Worker-8: Building workspace] WARN  o.e.m.c.i.embedder.EclipseLogger - Using platform encoding (Cp1252 actually) to copy filtered resources, i.e. build is platform dependent!
2020-02-22 18:47:02,700 [Worker-8: Building workspace] INFO  o.e.m.c.i.embedder.EclipseLogger - skip non existing resourceDirectory C:\Users\Aparna\Desktop\Prabhakar-Iyyalasomayajula-CleanCode-Task2-EPAM-master\Prabhakar-Iyyalasomayajula-CleanCode-Task2-EPAM-master\src\test\resources
2020-02-22 18:47:12,293 [Worker-3: Building workspace] WARN  o.e.m.c.i.embedder.EclipseLogger - Using platform encoding (Cp1252 actually) to copy filtered resources, i.e. build is platform dependent!
2020-02-22 18:47:12,295 [Worker-3: Building workspace] INFO  o.e.m.c.i.embedder.EclipseLogger - skip non existing resourceDirectory C:\Users\Aparna\Desktop\Prabhakar-Iyyalasomayajula-CleanCode-Task2-EPAM-master\Prabhakar-Iyyalasomayajula-CleanCode-Task2-EPAM-master\src\main\resources
2020-02-22 18:47:12,297 [Worker-3: Building workspace] WARN  o.e.m.c.i.embedder.EclipseLogger - Using platform encoding (Cp1252 actually) to copy filtered resources, i.e. build is platform dependent!
2020-02-22 18:47:12,298 [Worker-3: Building workspace] INFO  o.e.m.c.i.embedder.EclipseLogger - skip non existing resourceDirectory C:\Users\Aparna\Desktop\Prabhakar-Iyyalasomayajula-CleanCode-Task2-EPAM-master\Prabhakar-Iyyalasomayajula-CleanCode-Task2-EPAM-master\src\test\resources
2020-02-22 18:47:38,813 [Worker-10: Building workspace] WARN  o.e.m.c.i.embedder.EclipseLogger - Using platform encoding (Cp1252 actually) to copy filtered resources, i.e. build is platform dependent!
2020-02-22 18:47:38,815 [Worker-10: Building workspace] INFO  o.e.m.c.i.embedder.EclipseLogger - skip non existing resourceDirectory C:\Users\Aparna\Desktop\Prabhakar-Iyyalasomayajula-CleanCode-Task2-EPAM-master\Prabhakar-Iyyalasomayajula-CleanCode-Task2-EPAM-master\src\main\resources
2020-02-22 18:47:38,817 [Worker-10: Building workspace] WARN  o.e.m.c.i.embedder.EclipseLogger - Using platform encoding (Cp1252 actually) to copy filtered resources, i.e. build is platform dependent!
2020-02-22 18:47:38,819 [Worker-10: Building workspace] INFO  o.e.m.c.i.embedder.EclipseLogger - skip non existing resourceDirectory C:\Users\Aparna\Desktop\Prabhakar-Iyyalasomayajula-CleanCode-Task2-EPAM-master\Prabhakar-Iyyalasomayajula-CleanCode-Task2-EPAM-master\src\test\resources
2020-02-22 18:48:19,524 [Worker-6: Building workspace] INFO  o.e.m.c.i.l.LifecycleMappingFactory - Using org.maven.ide.eclipse.wtp.WarLifecycleMapping lifecycle mapping for MavenProject: com.epamtask:ConstructionCostEstimation:1.0-SNAPSHOT @ C:\Users\Aparna\Desktop\Prabhakar-Iyyalasomayajula-CleanCode-Task2-EPAM-master\Prabhakar-Iyyalasomayajula-CleanCode-Task2-EPAM-master\pom.xml.
2020-02-22 18:48:20,145 [Worker-6: Building workspace] WARN  o.e.m.c.i.embedder.EclipseLogger - Using platform encoding (Cp1252 actually) to copy filtered resources, i.e. build is platform dependent!
2020-02-22 18:48:20,147 [Worker-6: Building workspace] INFO  o.e.m.c.i.embedder.EclipseLogger - skip non existing resourceDirectory C:\Users\Aparna\Desktop\Prabhakar-Iyyalasomayajula-CleanCode-Task2-EPAM-master\Prabhakar-Iyyalasomayajula-CleanCode-Task2-EPAM-master\src\main\resources
2020-02-22 18:48:20,149 [Worker-6: Building workspace] WARN  o.e.m.c.i.embedder.EclipseLogger - Using platform encoding (Cp1252 actually) to copy filtered resources, i.e. build is platform dependent!
2020-02-22 18:48:20,150 [Worker-6: Building workspace] INFO  o.e.m.c.i.embedder.EclipseLogger - skip non existing resourceDirectory C:\Users\Aparna\Desktop\Prabhakar-Iyyalasomayajula-CleanCode-Task2-EPAM-master\Prabhakar-Iyyalasomayajula-CleanCode-Task2-EPAM-master\src\test\resources
2020-02-22 18:48:20,151 [Worker-6: Building workspace] INFO  o.e.m.w.i.f.ResourceFilteringBuildParticipant - Changed resources require a complete clean of filtered resources of ConstructionCostEstimation
2020-02-22 18:48:20,152 [Worker-6: Building workspace] INFO  o.e.m.w.i.f.ResourceFilteringBuildParticipant - Executing resource filtering for ConstructionCostEstimation
2020-02-22 18:48:20,157 [Worker-6: Building workspace] WARN  o.e.m.c.i.embedder.EclipseLogger - Using platform encoding (Cp1252 actually) to copy filtered resources, i.e. build is platform dependent!
2020-02-22 18:51:21,205 [Worker-5: Building workspace] INFO  o.e.m.c.i.l.LifecycleMappingFactory - Using org.eclipse.m2e.jdt.JarLifecycleMapping lifecycle mapping for MavenProject: com.epamtask:ConstructionCostEstimation:1.0-SNAPSHOT @ C:\Users\Aparna\Desktop\Prabhakar-Iyyalasomayajula-CleanCode-Task2-EPAM-master\Prabhakar-Iyyalasomayajula-CleanCode-Task2-EPAM-master\pom.xml.
2020-02-22 18:51:21,668 [Worker-5: Building workspace] WARN  o.e.m.c.i.embedder.EclipseLogger - Using platform encoding (Cp1252 actually) to copy filtered resources, i.e. build is platform dependent!
2020-02-22 18:51:21,669 [Worker-5: Building workspace] INFO  o.e.m.c.i.embedder.EclipseLogger - skip non existing resourceDirectory C:\Users\Aparna\Desktop\Prabhakar-Iyyalasomayajula-CleanCode-Task2-EPAM-master\Prabhakar-Iyyalasomayajula-CleanCode-Task2-EPAM-master\src\main\resources
2020-02-22 18:51:21,671 [Worker-5: Building workspace] WARN  o.e.m.c.i.embedder.EclipseLogger - Using platform encoding (Cp1252 actually) to copy filtered resources, i.e. build is platform dependent!
2020-02-22 18:51:21,672 [Worker-5: Building workspace] INFO  o.e.m.c.i.embedder.EclipseLogger - skip non existing resourceDirectory C:\Users\Aparna\Desktop\Prabhakar-Iyyalasomayajula-CleanCode-Task2-EPAM-master\Prabhakar-Iyyalasomayajula-CleanCode-Task2-EPAM-master\src\test\resources
2020-02-22 18:51:31,740 [Worker-16: Building workspace] INFO  o.e.m.c.i.l.LifecycleMappingFactory - Using org.eclipse.m2e.jdt.JarLifecycleMapping lifecycle mapping for MavenProject: com.epamtask:ConstructionCostEstimation:1.0-SNAPSHOT @ C:\Users\Aparna\Desktop\Prabhakar-Iyyalasomayajula-CleanCode-Task2-EPAM-master\Prabhakar-Iyyalasomayajula-CleanCode-Task2-EPAM-master\pom.xml.
2020-02-22 18:51:31,884 [Worker-16: Building workspace] WARN  o.e.m.c.i.embedder.EclipseLogger - Using platform encoding (Cp1252 actually) to copy filtered resources, i.e. build is platform dependent!
2020-02-22 18:51:31,886 [Worker-16: Building workspace] INFO  o.e.m.c.i.embedder.EclipseLogger - skip non existing resourceDirectory C:\Users\Aparna\Desktop\Prabhakar-Iyyalasomayajula-CleanCode-Task2-EPAM-master\Prabhakar-Iyyalasomayajula-CleanCode-Task2-EPAM-master\src\main\resources
2020-02-22 18:51:31,887 [Worker-16: Building workspace] WARN  o.e.m.c.i.embedder.EclipseLogger - Using platform encoding (Cp1252 actually) to copy filtered resources, i.e. build is platform dependent!
2020-02-22 18:51:31,889 [Worker-16: Building workspace] INFO  o.e.m.c.i.embedder.EclipseLogger - skip non existing resourceDirectory C:\Users\Aparna\Desktop\Prabhakar-Iyyalasomayajula-CleanCode-Task2-EPAM-master\Prabhakar-Iyyalasomayajula-CleanCode-Task2-EPAM-master\src\test\resources
2020-02-22 18:51:44,460 [Worker-5: Building workspace] INFO  o.e.m.c.i.l.LifecycleMappingFactory - Using org.eclipse.m2e.jdt.JarLifecycleMapping lifecycle mapping for MavenProject: com.epamtask:ConstructionCostEstimation:1.0-SNAPSHOT @ C:\Users\Aparna\Desktop\Prabhakar-Iyyalasomayajula-CleanCode-Task2-EPAM-master\Prabhakar-Iyyalasomayajula-CleanCode-Task2-EPAM-master\pom.xml.
2020-02-22 18:51:44,592 [Worker-5: Building workspace] WARN  o.e.m.c.i.embedder.EclipseLogger - Using platform encoding (Cp1252 actually) to copy filtered resources, i.e. build is platform dependent!
2020-02-22 18:51:44,593 [Worker-5: Building workspace] INFO  o.e.m.c.i.embedder.EclipseLogger - skip non existing resourceDirectory C:\Users\Aparna\Desktop\Prabhakar-Iyyalasomayajula-CleanCode-Task2-EPAM-master\Prabhakar-Iyyalasomayajula-CleanCode-Task2-EPAM-master\src\main\resources
2020-02-22 18:51:44,595 [Worker-5: Building workspace] WARN  o.e.m.c.i.embedder.EclipseLogger - Using platform encoding (Cp1252 actually) to copy filtered resources, i.e. build is platform dependent!
2020-02-22 18:51:44,596 [Worker-5: Building workspace] INFO  o.e.m.c.i.embedder.EclipseLogger - skip non existing resourceDirectory C:\Users\Aparna\Desktop\Prabhakar-Iyyalasomayajula-CleanCode-Task2-EPAM-master\Prabhakar-Iyyalasomayajula-CleanCode-Task2-EPAM-master\src\test\resources
2020-02-22 18:52:47,344 [Worker-5: Building workspace] WARN  o.e.m.c.i.embedder.EclipseLogger - Using platform encoding (Cp1252 actually) to copy filtered resources, i.e. build is platform dependent!
2020-02-22 18:52:47,345 [Worker-5: Building workspace] INFO  o.e.m.c.i.embedder.EclipseLogger - skip non existing resourceDirectory C:\Users\Aparna\Desktop\Prabhakar-Iyyalasomayajula-CleanCode-Task2-EPAM-master\Prabhakar-Iyyalasomayajula-CleanCode-Task2-EPAM-master\src\main\resources
2020-02-22 18:52:47,346 [Worker-5: Building workspace] WARN  o.e.m.c.i.embedder.EclipseLogger - Using platform encoding (Cp1252 actually) to copy filtered resources, i.e. build is platform dependent!
2020-02-22 18:52:47,347 [Worker-5: Building workspace] INFO  o.e.m.c.i.embedder.EclipseLogger - skip non existing resourceDirectory C:\Users\Aparna\Desktop\Prabhakar-Iyyalasomayajula-CleanCode-Task2-EPAM-master\Prabhakar-Iyyalasomayajula-CleanCode-Task2-EPAM-master\src\test\resources
2020-02-22 18:52:55,028 [Worker-16: Building workspace] INFO  o.e.m.c.i.l.LifecycleMappingFactory - Using org.maven.ide.eclipse.wtp.WarLifecycleMapping lifecycle mapping for MavenProject: com.epamtask:ConstructionCostEstimation:1.0-SNAPSHOT @ C:\Users\Aparna\Desktop\Prabhakar-Iyyalasomayajula-CleanCode-Task2-EPAM-master\Prabhakar-Iyyalasomayajula-CleanCode-Task2-EPAM-master\pom.xml.
2020-02-22 18:52:55,464 [Worker-16: Building workspace] WARN  o.e.m.c.i.embedder.EclipseLogger - Using platform encoding (Cp1252 actually) to copy filtered resources, i.e. build is platform dependent!
2020-02-22 18:52:55,465 [Worker-16: Building workspace] INFO  o.e.m.c.i.embedder.EclipseLogger - skip non existing resourceDirectory C:\Users\Aparna\Desktop\Prabhakar-Iyyalasomayajula-CleanCode-Task2-EPAM-master\Prabhakar-Iyyalasomayajula-CleanCode-Task2-EPAM-master\src\main\resources
2020-02-22 18:52:55,466 [Worker-16: Building workspace] WARN  o.e.m.c.i.embedder.EclipseLogger - Using platform encoding (Cp1252 actually) to copy filtered resources, i.e. build is platform dependent!
2020-02-22 18:52:55,467 [Worker-16: Building workspace] INFO  o.e.m.c.i.embedder.EclipseLogger - skip non existing resourceDirectory C:\Users\Aparna\Desktop\Prabhakar-Iyyalasomayajula-CleanCode-Task2-EPAM-master\Prabhakar-Iyyalasomayajula-CleanCode-Task2-EPAM-master\src\test\resources
2020-02-22 18:52:55,467 [Worker-16: Building workspace] INFO  o.e.m.w.i.f.ResourceFilteringBuildParticipant - Changed resources require a complete clean of filtered resources of ConstructionCostEstimation
2020-02-22 18:52:55,467 [Worker-16: Building workspace] INFO  o.e.m.w.i.f.ResourceFilteringBuildParticipant - Executing resource filtering for ConstructionCostEstimation
2020-02-22 18:52:55,471 [Worker-16: Building workspace] WARN  o.e.m.c.i.embedder.EclipseLogger - Using platform encoding (Cp1252 actually) to copy filtered resources, i.e. build is platform dependent!
